This is XeTeX, Version 3.14159265-2.6-0.999992 (MiKTeX 2.9.7400 64-bit) (preloaded format=xelatex 2020.4.22)  8 JUL 2020 15:25
entering extended mode
**./TheodoreCaputiShortCV.tex
(TheodoreCaputiShortCV.tex
LaTeX2e <2020-02-02> patch level 5
L3 programming layer <2020-04-06>
("C:\Users\tcapu\AppData\Local\Programs\MiKTeX 2.9\tex/latex/base\article.cls"
Document Class: article 2019/12/20 v1.4l Standard LaTeX document class
("C:\Users\tcapu\AppData\Local\Programs\MiKTeX 2.9\tex/latex/base\size11.clo"
File: size11.clo 2019/12/20 v1.4l Standard LaTeX file (size option)
)
\c@part=\count163
\c@section=\count164
\c@subsection=\count165
\c@subsubsection=\count166
\c@paragraph=\count167
\c@subparagraph=\count168
\c@figure=\count169
\c@table=\count170
\abovecaptionskip=\skip47
\belowcaptionskip=\skip48
\bibindent=\dimen134
)
("C:\Users\tcapu\AppData\Local\Programs\MiKTeX 2.9\tex/latex/fontspec\fontspec.
sty"
("C:\Users\tcapu\AppData\Local\Programs\MiKTeX 2.9\tex/latex/l3packages/xparse\
xparse.sty"
("C:\Users\tcapu\AppData\Local\Programs\MiKTeX 2.9\tex/latex/l3kernel\expl3.sty
"
Package: expl3 2020-04-06 L3 programming layer (loader) 

("C:\Users\tcapu\AppData\Local\Programs\MiKTeX 2.9\tex/latex/l3backend\l3backen
d-xdvipdfmx.def"
File: l3backend-xdvipdfmx.def 2020-03-12 L3 backend support: xdvipdfmx
\g__graphics_track_int=\count171
\l__pdf_internal_box=\box45
\g__pdf_backend_object_int=\count172
\g__pdf_backend_annotation_int=\count173
))
Package: xparse 2020-03-06 L3 Experimental document command parser
\l__xparse_current_arg_int=\count174
\g__xparse_grabber_int=\count175
\l__xparse_m_args_int=\count176
\l__xparse_v_nesting_int=\count177
)
Package: fontspec 2020/02/21 v2.7i Font selection for XeLaTeX and LuaLaTeX

("C:\Users\tcapu\AppData\Local\Programs\MiKTeX 2.9\tex/latex/fontspec\fontspec-
xetex.sty"
Package: fontspec-xetex 2020/02/21 v2.7i Font selection for XeLaTeX and LuaLaTe
X
\l__fontspec_script_int=\count178
\l__fontspec_language_int=\count179
\l__fontspec_strnum_int=\count180
\l__fontspec_tmp_int=\count181
\l__fontspec_tmpa_int=\count182
\l__fontspec_tmpb_int=\count183
\l__fontspec_tmpc_int=\count184
\l__fontspec_em_int=\count185
\l__fontspec_emdef_int=\count186
\l__fontspec_strong_int=\count187
\l__fontspec_strongdef_int=\count188
\l__fontspec_tmpa_dim=\dimen135
\l__fontspec_tmpb_dim=\dimen136
\l__fontspec_tmpc_dim=\dimen137

("C:\Users\tcapu\AppData\Local\Programs\MiKTeX 2.9\tex/latex/base\fontenc.sty"
Package: fontenc 2020/02/11 v2.0o Standard LaTeX package
)
("C:\Users\tcapu\AppData\Local\Programs\MiKTeX 2.9\tex/latex/fontspec\fontspec.
cfg")))
("C:\Users\tcapu\AppData\Local\Programs\MiKTeX 2.9\tex/latex/tools\calc.sty"
Package: calc 2017/05/25 v4.3 Infix arithmetic (KKT,FJ)
\calc@Acount=\count189
\calc@Bcount=\count190
\calc@Adimen=\dimen138
\calc@Bdimen=\dimen139
\calc@Askip=\skip49
\calc@Bskip=\skip50
LaTeX Info: Redefining \setlength on input line 80.
LaTeX Info: Redefining \addtolength on input line 81.
\calc@Ccount=\count191
\calc@Cskip=\skip51
)
("C:\Users\tcapu\AppData\Local\Programs\MiKTeX 2.9\tex/latex/geometry\geometry.
sty"
Package: geometry 2020/01/02 v5.9 Page Geometry

("C:\Users\tcapu\AppData\Local\Programs\MiKTeX 2.9\tex/latex/graphics\keyval.st
y"
Package: keyval 2014/10/28 v1.15 key=value parser (DPC)
\KV@toks@=\toks15
)
("C:\Users\tcapu\AppData\Local\Programs\MiKTeX 2.9\tex/generic/iftex\ifvtex.sty
"
Package: ifvtex 2019/10/25 v1.7 ifvtex legacy package. Use iftex instead.
 ("C:\Users\tcapu\AppData\Local\Programs\MiKTeX 2.9\tex/generic/iftex\iftex.sty
"
Package: iftex 2020/03/06 v1.0d TeX engine tests
))
\Gm@cnth=\count192
\Gm@cntv=\count193
\c@Gm@tempcnt=\count194
\Gm@bindingoffset=\dimen140
\Gm@wd@mp=\dimen141
\Gm@odd@mp=\dimen142
\Gm@even@mp=\dimen143
\Gm@layoutwidth=\dimen144
\Gm@layoutheight=\dimen145
\Gm@layouthoffset=\dimen146
\Gm@layoutvoffset=\dimen147
\Gm@dimlist=\toks16

("C:\Users\tcapu\AppData\Local\Programs\MiKTeX 2.9\tex/xelatex/xetexconfig\geom
etry.cfg"))
("C:\Users\tcapu\AppData\Local\Programs\MiKTeX 2.9\tex/latex/enumitem\enumitem.
sty"
Package: enumitem 2019/06/20 v3.9 Customized lists
\labelindent=\skip52
\enit@outerparindent=\dimen148
\enit@toks=\toks17
\enit@inbox=\box46
\enit@count@id=\count195
\enitdp@description=\count196
)
LaTeX Font Info:    External font `cmex10' loaded for size
(Font)              <10.95> on input line 52.
LaTeX Font Info:    External font `cmex10' loaded for size
(Font)              <8> on input line 52.
LaTeX Font Info:    External font `cmex10' loaded for size
(Font)              <6> on input line 52.

("C:\Users\tcapu\AppData\Local\Programs\MiKTeX 2.9\tex/latex/xcolor\xcolor.sty"
Package: xcolor 2016/05/11 v2.12 LaTeX color extensions (UK)

("C:\Users\tcapu\AppData\Local\Programs\MiKTeX 2.9\tex/latex/graphics-cfg\color
.cfg"
File: color.cfg 2016/01/02 v1.6 sample color configuration
)
Package xcolor Info: Package option `usenames' ignored on input line 216.
Package xcolor Info: Driver file: xetex.def on input line 225.

("C:\Users\tcapu\AppData\Local\Programs\MiKTeX 2.9\tex/latex/graphics-def\xetex
.def"
File: xetex.def 2017/06/24 v5.0h Graphics/color driver for xetex
)
Package xcolor Info: Model `cmy' substituted by `cmy0' on input line 1348.
Package xcolor Info: Model `RGB' extended on input line 1364.
Package xcolor Info: Model `HTML' substituted by `rgb' on input line 1366.
Package xcolor Info: Model `Hsb' substituted by `hsb' on input line 1367.
Package xcolor Info: Model `tHsb' substituted by `hsb' on input line 1368.
Package xcolor Info: Model `HSB' substituted by `hsb' on input line 1369.
Package xcolor Info: Model `Gray' substituted by `gray' on input line 1370.
Package xcolor Info: Model `wave' substituted by `hsb' on input line 1371.

("C:\Users\tcapu\AppData\Local\Programs\MiKTeX 2.9\tex/latex/graphics\dvipsnam.
def"
File: dvipsnam.def 2016/06/17 v3.0m Driver-dependent file (DPC,SPQR)
))
("C:\Users\tcapu\AppData\Local\Programs\MiKTeX 2.9\tex/xelatex/xunicode\xunicod
e.sty"
File: xunicode.sty 2011/09/09 v0.981 provides access to latin accents and many 
other characters in Unicode lower plane

("C:\Users\tcapu\AppData\Local\Programs\MiKTeX 2.9\tex/latex/tipa\t3enc.def"
File: t3enc.def 2001/12/31 T3 encoding
)
\tipaTiiicode=\count197
\tipasavetokens=\toks18
\tipachecktokens=\toks19

("C:\Users\tcapu\AppData\Local\Programs\MiKTeX 2.9\tex/latex/graphics\graphicx.
sty"
Package: graphicx 2019/11/30 v1.2a Enhanced LaTeX Graphics (DPC,SPQR)

("C:\Users\tcapu\AppData\Local\Programs\MiKTeX 2.9\tex/latex/graphics\graphics.
sty"
Package: graphics 2019/11/30 v1.4a Standard LaTeX Graphics (DPC,SPQR)

("C:\Users\tcapu\AppData\Local\Programs\MiKTeX 2.9\tex/latex/graphics\trig.sty"
Package: trig 2016/01/03 v1.10 sin cos tan (DPC)
)
("C:\Users\tcapu\AppData\Local\Programs\MiKTeX 2.9\tex/latex/graphics-cfg\graph
ics.cfg"
File: graphics.cfg 2016/06/04 v1.11 sample graphics configuration
)
Package graphics Info: Driver file: xetex.def on input line 105.
)
\Gin@req@height=\dimen149
\Gin@req@width=\dimen150
))
("C:\Users\tcapu\AppData\Local\Programs\MiKTeX 2.9\tex/latex/xltxtra\xltxtra.st
y"
Package: xltxtra 2018/12/31 v0.7 Improvements for the "XeLaTeX" format

("C:\Users\tcapu\AppData\Local\Programs\MiKTeX 2.9\tex/generic/iftex\ifluatex.s
ty"
Package: ifluatex 2019/10/25 v1.5 ifluatex legacy package. Use iftex instead.
)
("C:\Users\tcapu\AppData\Local\Programs\MiKTeX 2.9\tex/generic/iftex\ifxetex.st
y"
Package: ifxetex 2019/10/25 v0.7 ifxetex legacy package. Use iftex instead.
)
("C:\Users\tcapu\AppData\Local\Programs\MiKTeX 2.9\tex/latex/realscripts\realsc
ripts.sty"
Package: realscripts 2016/02/13 v0.3d Access OpenType subscripts and superscrip
ts
\subsupersep=\dimen151
)
("C:\Users\tcapu\AppData\Local\Programs\MiKTeX 2.9\tex/latex/metalogo\metalogo.
sty"
Package: metalogo 2010/05/29 v0.12 Extended TeX logo macros
\xl@everylogo=\toks20
\xl@@everylogo=\toks21
LaTeX Info: Redefining \TeX on input line 193.
LaTeX Info: Redefining \LaTeX on input line 202.
LaTeX Info: Redefining \LaTeXe on input line 219.
)
\l__xetex_show_hyphens_wrapping_box=\box47
\l__xetex_show_hyphens_temp_box=\box48
\l__xetex_show_hyphens_final_box=\box49
\g__xetex_show_hyphens_word_box=\box50
)

Package fontspec Info: Font family 'LinLibertine_R.otf(0)' created for font
(fontspec)             'LinLibertine_R.otf' with options
(fontspec)             [Mapping=tex-text,Ligatures=TeX,Ligatures={Common},Numbe
rs={OldStyle},Variant=01,BoldFont=LinLibertine_RB.otf,ItalicFont=LinLibertine_R
I.otf,BoldItalicFont=LinLibertine_RBI.otf].
(fontspec)              
(fontspec)              This font family consists of the following NFSS
(fontspec)             series/shapes:
(fontspec)              
(fontspec)             - 'normal' (m/n) with NFSS spec.:
(fontspec)             <->"[LinLibertine_R.otf]/OT:script=latn;language=dflt;+l
iga;+onum;+ss01;mapping=tex-text;"
(fontspec)             - 'small caps'  (m/sc) with NFSS spec.:
(fontspec)             <->"[LinLibertine_R.otf]/OT:script=latn;language=dflt;+l
iga;+onum;+ss01;+smcp;mapping=tex-text;"
(fontspec)             - 'bold' (b/n) with NFSS spec.:
(fontspec)             <->"[LinLibertine_RB.otf]/OT:script=latn;language=dflt;+
liga;+onum;+ss01;mapping=tex-text;"
(fontspec)             - 'bold small caps'  (b/sc) with NFSS spec.:
(fontspec)             <->"[LinLibertine_RB.otf]/OT:script=latn;language=dflt;+
liga;+onum;+ss01;+smcp;mapping=tex-text;"
(fontspec)             - 'italic' (m/it) with NFSS spec.:
(fontspec)             <->"[LinLibertine_RI.otf]/OT:script=latn;language=dflt;+
liga;+onum;+ss01;mapping=tex-text;"
(fontspec)             - 'italic small caps'  (m/scit) with NFSS spec.:
(fontspec)             <->"[LinLibertine_RI.otf]/OT:script=latn;language=dflt;+
liga;+onum;+ss01;+smcp;mapping=tex-text;"
(fontspec)             - 'bold italic' (b/it) with NFSS spec.:
(fontspec)             <->"[LinLibertine_RBI.otf]/OT:script=latn;language=dflt;
+liga;+onum;+ss01;mapping=tex-text;"
(fontspec)             - 'bold italic small caps'  (b/scit) with NFSS spec.:
(fontspec)             <->"[LinLibertine_RBI.otf]/OT:script=latn;language=dflt;
+liga;+onum;+ss01;+smcp;mapping=tex-text;"


Package fontspec Info: Font family 'DejaVuSansMono.ttf(0)' created for font
(fontspec)             'DejaVuSansMono.ttf' with options
(fontspec)             [Mapping=tex-text,WordSpace={1,0,0},HyphenChar=None,Punc
tuationSpace=WordSpace,Scale=0.9].
(fontspec)              
(fontspec)              This font family consists of the following NFSS
(fontspec)             series/shapes:
(fontspec)              
(fontspec)             - 'normal' (m/n) with NFSS spec.:
(fontspec)             <->s*[0.9]"[DejaVuSansMono.ttf]/OT:script=latn;language=
dflt;mapping=tex-text;"
(fontspec)             - 'small caps'  (m/sc) with NFSS spec.: 
(fontspec)             and font adjustment code:
(fontspec)             \fontdimen 2\font =1\fontdimen 2\font \fontdimen 3\font
(fontspec)             =0\fontdimen 3\font \fontdimen 4\font =0\fontdimen
(fontspec)             4\font \fontdimen 7\font =0\fontdimen 2\font
(fontspec)             \tex_hyphenchar:D \font =-1\scan_stop: 


("C:\Users\tcapu\AppData\Local\Programs\MiKTeX 2.9\tex/latex/tools\tabularx.sty
"
Package: tabularx 2020/01/15 v2.11c `tabularx' package (DPC)
 ("C:\Users\tcapu\AppData\Local\Programs\MiKTeX 2.9\tex/latex/tools\array.sty"
Package: array 2019/08/31 v2.4l Tabular extension package (FMi)
\col@sep=\dimen152
\ar@mcellbox=\box51
\extrarowheight=\dimen153
\NC@list=\toks22
\extratabsurround=\skip53
\backup@length=\skip54
\ar@cellbox=\box52
)
\TX@col@width=\dimen154
\TX@old@table=\dimen155
\TX@old@col=\dimen156
\TX@target=\dimen157
\TX@delta=\dimen158
\TX@cols=\count198
\TX@ftn=\toks23
)
("C:\Users\tcapu\AppData\Local\Programs\MiKTeX 2.9\tex/latex/marginnote\marginn
ote.sty"
Package: marginnote 2018/08/09 v1.4b non floating margin notes for LaTeX
\c@mn@abspage=\count199
)
("C:\Users\tcapu\AppData\Local\Programs\MiKTeX 2.9\tex/latex/sectsty\sectsty.st
y"
Package: sectsty 2002/02/25 v2.0.2 Commands to change all sectional heading sty
les


LaTeX Warning: Command \underbar  has changed.
               Check if current package is valid.


LaTeX Warning: Command \underline  has changed.
               Check if current package is valid.

) ("C:\Users\tcapu\AppData\Local\Programs\MiKTeX 2.9\tex/latex/ulem\ulem.sty"
\UL@box=\box53
\UL@hyphenbox=\box54
\UL@skip=\skip55
\UL@hook=\toks24
\UL@height=\dimen159
\UL@pe=\count266
\UL@pixel=\dimen160
\ULC@box=\box55
Package: ulem 2019/11/18
\ULdepth=\dimen161
)
\myheight=\skip56
\mydepth=\skip57

("C:\Users\tcapu\AppData\Local\Programs\MiKTeX 2.9\tex/latex/academicons\academ
icons.sty"
Package: academicons 2018/06/27 v1.8.6-2 Academicons Icons
)
("C:\Users\tcapu\AppData\Local\Programs\MiKTeX 2.9\tex/latex/hyperref\hyperref.
sty"
Package: hyperref 2020/01/14 v7.00d Hypertext links for LaTeX

("C:\Users\tcapu\AppData\Local\Programs\MiKTeX 2.9\tex/generic/ltxcmds\ltxcmds.
sty"
Package: ltxcmds 2019/12/15 v1.24 LaTeX kernel commands for general use (HO)
)
("C:\Users\tcapu\AppData\Local\Programs\MiKTeX 2.9\tex/latex/pdftexcmds\pdftexc
mds.sty"
Package: pdftexcmds 2019/11/24 v0.31 Utility functions of pdfTeX for LuaTeX (HO
)

("C:\Users\tcapu\AppData\Local\Programs\MiKTeX 2.9\tex/generic/infwarerr\infwar
err.sty"
Package: infwarerr 2019/12/03 v1.5 Providing info/warning/error messages (HO)
)
Package pdftexcmds Info: \pdf@primitive is available.
Package pdftexcmds Info: \pdf@ifprimitive is available.
Package pdftexcmds Info: \pdfdraftmode not found.
)
("C:\Users\tcapu\AppData\Local\Programs\MiKTeX 2.9\tex/generic/kvsetkeys\kvsetk
eys.sty"
Package: kvsetkeys 2019/12/15 v1.18 Key value parser (HO)
)
("C:\Users\tcapu\AppData\Local\Programs\MiKTeX 2.9\tex/generic/kvdefinekeys\kvd
efinekeys.sty"
Package: kvdefinekeys 2019-12-19 v1.6 Define keys (HO)
)
("C:\Users\tcapu\AppData\Local\Programs\MiKTeX 2.9\tex/generic/pdfescape\pdfesc
ape.sty"
Package: pdfescape 2019/12/09 v1.15 Implements pdfTeX's escape features (HO)
)
("C:\Users\tcapu\AppData\Local\Programs\MiKTeX 2.9\tex/latex/hycolor\hycolor.st
y"
Package: hycolor 2020-01-27 v1.10 Color options for hyperref/bookmark (HO)
)
("C:\Users\tcapu\AppData\Local\Programs\MiKTeX 2.9\tex/latex/letltxmacro\letltx
macro.sty"
Package: letltxmacro 2019/12/03 v1.6 Let assignment for LaTeX macros (HO)
)
("C:\Users\tcapu\AppData\Local\Programs\MiKTeX 2.9\tex/latex/auxhook\auxhook.st
y"
Package: auxhook 2019-12-17 v1.6 Hooks for auxiliary files (HO)
)
("C:\Users\tcapu\AppData\Local\Programs\MiKTeX 2.9\tex/latex/kvoptions\kvoption
s.sty"
Package: kvoptions 2019/11/29 v3.13 Key value format for package options (HO)
)
\@linkdim=\dimen162
\Hy@linkcounter=\count267
\Hy@pagecounter=\count268

("C:\Users\tcapu\AppData\Local\Programs\MiKTeX 2.9\tex/latex/hyperref\pd1enc.de
f"
File: pd1enc.def 2020/01/14 v7.00d Hyperref: PDFDocEncoding definition (HO)
)
("C:\Users\tcapu\AppData\Local\Programs\MiKTeX 2.9\tex/generic/intcalc\intcalc.
sty"
Package: intcalc 2019/12/15 v1.3 Expandable calculations with integers (HO)
)
("C:\Users\tcapu\AppData\Local\Programs\MiKTeX 2.9\tex/generic/etexcmds\etexcmd
s.sty"
Package: etexcmds 2019/12/15 v1.7 Avoid name clashes with e-TeX commands (HO)
)
\Hy@SavedSpaceFactor=\count269
Package hyperref Info: Option `bookmarks' set `true' on input line 4421.
Package hyperref Info: Option `colorlinks' set `true' on input line 4421.
Package hyperref Info: Option `breaklinks' set `true' on input line 4421.


Package hyperref Warning: XeTeX driver only supports unicode.
(hyperref)                Enabling option `unicode'.

Package hyperref Info: Option `unicode' set `true' on input line 4421.
("C:\Users\tcapu\AppData\Local\Programs\MiKTeX 2.9\tex/latex/hyperref\puenc.def
"
File: puenc.def 2020/01/14 v7.00d Hyperref: PDF Unicode definition (HO)
)
Package hyperref Info: Hyper figures OFF on input line 4547.
Package hyperref Info: Link nesting OFF on input line 4552.
Package hyperref Info: Hyper index ON on input line 4555.
Package hyperref Info: Plain pages OFF on input line 4562.
Package hyperref Info: Backreferencing OFF on input line 4567.
Package hyperref Info: Implicit mode ON; LaTeX internals redefined.
Package hyperref Info: Bookmarks ON on input line 4800.
\c@Hy@tempcnt=\count270
 ("C:\Users\tcapu\AppData\Local\Programs\MiKTeX 2.9\tex/latex/url\url.sty"
\Urlmuskip=\muskip16
Package: url 2013/09/16  ver 3.4  Verb mode for urls, etc.
)
LaTeX Info: Redefining \url on input line 5159.
\XeTeXLinkMargin=\dimen163

("C:\Users\tcapu\AppData\Local\Programs\MiKTeX 2.9\tex/generic/bitset\bitset.st
y"
Package: bitset 2019/12/09 v1.3 Handle bit-vector datatype (HO)

("C:\Users\tcapu\AppData\Local\Programs\MiKTeX 2.9\tex/generic/bigintcalc\bigin
tcalc.sty"
Package: bigintcalc 2019/12/15 v1.5 Expandable calculations on big integers (HO
)
))
\Fld@menulength=\count271
\Field@Width=\dimen164
\Fld@charsize=\dimen165
Package hyperref Info: Hyper figures OFF on input line 6430.
Package hyperref Info: Link nesting OFF on input line 6435.
Package hyperref Info: Hyper index ON on input line 6438.
Package hyperref Info: backreferencing OFF on input line 6445.
Package hyperref Info: Link coloring ON on input line 6448.
Package hyperref Info: Link coloring with OCG OFF on input line 6455.
Package hyperref Info: PDF/A mode OFF on input line 6460.
LaTeX Info: Redefining \ref on input line 6500.
LaTeX Info: Redefining \pageref on input line 6504.

("C:\Users\tcapu\AppData\Local\Programs\MiKTeX 2.9\tex/generic/atbegshi\atbegsh
i.sty"
Package: atbegshi 2019/12/05 v1.19 At begin shipout hook (HO)
)
\Hy@abspage=\count272
\c@Item=\count273
\c@Hfootnote=\count274
)
Package hyperref Info: Driver (autodetected): hxetex.

("C:\Users\tcapu\AppData\Local\Programs\MiKTeX 2.9\tex/latex/hyperref\hxetex.de
f"
File: hxetex.def 2020/01/14 v7.00d Hyperref driver for XeTeX

("C:\Users\tcapu\AppData\Local\Programs\MiKTeX 2.9\tex/generic/stringenc\string
enc.sty"
Package: stringenc 2019/11/29 v1.12 Convert strings between diff. encodings (HO
)
)
\pdfm@box=\box56
\c@Hy@AnnotLevel=\count275
\HyField@AnnotCount=\count276
\Fld@listcount=\count277
\c@bookmark@seq@number=\count278

("C:\Users\tcapu\AppData\Local\Programs\MiKTeX 2.9\tex/latex/rerunfilecheck\rer
unfilecheck.sty"
Package: rerunfilecheck 2019/12/05 v1.9 Rerun checks for auxiliary files (HO)

("C:\Users\tcapu\AppData\Local\Programs\MiKTeX 2.9\tex/latex/atveryend\atveryen
d.sty"
Package: atveryend 2019-12-11 v1.11 Hooks at the very end of document (HO)
Package atveryend Info: \enddocument detected (standard20110627).
)
("C:\Users\tcapu\AppData\Local\Programs\MiKTeX 2.9\tex/generic/uniquecounter\un
iquecounter.sty"
Package: uniquecounter 2019/12/15 v1.4 Provide unlimited unique counter (HO)
)
Package uniquecounter Info: New unique counter `rerunfilecheck' on input line 2
86.
)
\Hy@SectionHShift=\skip58
) (TheodoreCaputiShortCV.aux)
\openout1 = `TheodoreCaputiShortCV.aux'.

LaTeX Font Info:    Checking defaults for OML/cmm/m/it on input line 118.
LaTeX Font Info:    ... okay on input line 118.
LaTeX Font Info:    Checking defaults for OMS/cmsy/m/n on input line 118.
LaTeX Font Info:    ... okay on input line 118.
LaTeX Font Info:    Checking defaults for OT1/cmr/m/n on input line 118.
LaTeX Font Info:    ... okay on input line 118.
LaTeX Font Info:    Checking defaults for T1/cmr/m/n on input line 118.
LaTeX Font Info:    ... okay on input line 118.
LaTeX Font Info:    Checking defaults for TS1/cmr/m/n on input line 118.
LaTeX Font Info:    Trying to load font information for TS1+cmr on input line 1
18.

("C:\Users\tcapu\AppData\Local\Programs\MiKTeX 2.9\tex/latex/base\ts1cmr.fd"
File: ts1cmr.fd 2019/12/16 v2.5j Standard LaTeX font definitions
)
LaTeX Font Info:    ... okay on input line 118.
LaTeX Font Info:    Checking defaults for TU/lmr/m/n on input line 118.
LaTeX Font Info:    ... okay on input line 118.
LaTeX Font Info:    Checking defaults for OMX/cmex/m/n on input line 118.
LaTeX Font Info:    ... okay on input line 118.
LaTeX Font Info:    Checking defaults for U/cmr/m/n on input line 118.
LaTeX Font Info:    ... okay on input line 118.
LaTeX Font Info:    Checking defaults for T3/cmr/m/n on input line 118.
LaTeX Font Info:    Trying to load font information for T3+cmr on input line 11
8.

("C:\Users\tcapu\AppData\Local\Programs\MiKTeX 2.9\tex/latex/tipa\t3cmr.fd"
File: t3cmr.fd 2001/12/31 TIPA font definitions
)
LaTeX Font Info:    ... okay on input line 118.
LaTeX Font Info:    Checking defaults for PD1/pdf/m/n on input line 118.
LaTeX Font Info:    ... okay on input line 118.
LaTeX Font Info:    Checking defaults for PU/pdf/m/n on input line 118.
LaTeX Font Info:    ... okay on input line 118.

Package fontspec Info: Adjusting the maths setup (use [no-math] to avoid
(fontspec)             this).

\symlegacymaths=\mathgroup4
LaTeX Font Info:    Overwriting symbol font `legacymaths' in version `bold'
(Font)                  OT1/cmr/m/n --> OT1/cmr/bx/n on input line 118.
LaTeX Font Info:    Redeclaring math accent \acute on input line 118.
LaTeX Font Info:    Redeclaring math accent \grave on input line 118.
LaTeX Font Info:    Redeclaring math accent \ddot on input line 118.
LaTeX Font Info:    Redeclaring math accent \tilde on input line 118.
LaTeX Font Info:    Redeclaring math accent \bar on input line 118.
LaTeX Font Info:    Redeclaring math accent \breve on input line 118.
LaTeX Font Info:    Redeclaring math accent \check on input line 118.
LaTeX Font Info:    Redeclaring math accent \hat on input line 118.
LaTeX Font Info:    Redeclaring math accent \dot on input line 118.
LaTeX Font Info:    Redeclaring math accent \mathring on input line 118.
LaTeX Font Info:    Redeclaring math symbol \colon on input line 118.
LaTeX Font Info:    Redeclaring math symbol \Gamma on input line 118.
LaTeX Font Info:    Redeclaring math symbol \Delta on input line 118.
LaTeX Font Info:    Redeclaring math symbol \Theta on input line 118.
LaTeX Font Info:    Redeclaring math symbol \Lambda on input line 118.
LaTeX Font Info:    Redeclaring math symbol \Xi on input line 118.
LaTeX Font Info:    Redeclaring math symbol \Pi on input line 118.
LaTeX Font Info:    Redeclaring math symbol \Sigma on input line 118.
LaTeX Font Info:    Redeclaring math symbol \Upsilon on input line 118.
LaTeX Font Info:    Redeclaring math symbol \Phi on input line 118.
LaTeX Font Info:    Redeclaring math symbol \Psi on input line 118.
LaTeX Font Info:    Redeclaring math symbol \Omega on input line 118.
LaTeX Font Info:    Redeclaring math symbol \mathdollar on input line 118.
LaTeX Font Info:    Redeclaring symbol font `operators' on input line 118.
LaTeX Font Info:    Encoding `OT1' has changed to `TU' for symbol font
(Font)              `operators' in the math version `normal' on input line 118.

LaTeX Font Info:    Overwriting symbol font `operators' in version `normal'
(Font)                  OT1/cmr/m/n --> TU/LinLibertine_R.otf(0)/m/n on input l
ine 118.
LaTeX Font Info:    Encoding `OT1' has changed to `TU' for symbol font
(Font)              `operators' in the math version `bold' on input line 118.
LaTeX Font Info:    Overwriting symbol font `operators' in version `bold'
(Font)                  OT1/cmr/bx/n --> TU/LinLibertine_R.otf(0)/m/n on input 
line 118.
LaTeX Font Info:    Overwriting symbol font `operators' in version `normal'
(Font)                  TU/LinLibertine_R.otf(0)/m/n --> TU/LinLibertine_R.otf(
0)/m/n on input line 118.
LaTeX Font Info:    Overwriting math alphabet `\mathit' in version `normal'
(Font)                  OT1/cmr/m/it --> TU/LinLibertine_R.otf(0)/m/it on input
 line 118.
LaTeX Font Info:    Overwriting math alphabet `\mathbf' in version `normal'
(Font)                  OT1/cmr/bx/n --> TU/LinLibertine_R.otf(0)/b/n on input 
line 118.
LaTeX Font Info:    Overwriting math alphabet `\mathsf' in version `normal'
(Font)                  OT1/cmss/m/n --> TU/lmss/m/n on input line 118.
LaTeX Font Info:    Overwriting math alphabet `\mathtt' in version `normal'
(Font)                  OT1/cmtt/m/n --> TU/DejaVuSansMono.ttf(0)/m/n on input 
line 118.
LaTeX Font Info:    Overwriting symbol font `operators' in version `bold'
(Font)                  TU/LinLibertine_R.otf(0)/m/n --> TU/LinLibertine_R.otf(
0)/b/n on input line 118.
LaTeX Font Info:    Overwriting math alphabet `\mathit' in version `bold'
(Font)                  OT1/cmr/bx/it --> TU/LinLibertine_R.otf(0)/b/it on inpu
t line 118.
LaTeX Font Info:    Overwriting math alphabet `\mathsf' in version `bold'
(Font)                  OT1/cmss/bx/n --> TU/lmss/b/n on input line 118.
LaTeX Font Info:    Overwriting math alphabet `\mathtt' in version `bold'
(Font)                  OT1/cmtt/m/n --> TU/DejaVuSansMono.ttf(0)/b/n on input 
line 118.

*geometry* detected driver: pdftex
*geometry* verbose mode - [ preamble ] result:
* driver: pdftex
* paper: letterpaper
* layout: <same size as paper>
* layoutoffset:(h,v)=(0.0pt,0.0pt)
* modes: 
* h-part:(L,W,R)=(83.11061pt, 448.07378pt, 83.11061pt)
* v-part:(T,H,B)=(57.81598pt, 650.43pt, 86.72401pt)
* \paperwidth=614.295pt
* \paperheight=794.96999pt
* \textwidth=448.07378pt
* \textheight=650.43pt
* \oddsidemargin=14.45377pt
* \evensidemargin=10.84062pt
* \topmargin=-51.45401pt
* \headheight=12.0pt
* \headsep=25.0pt
* \topskip=11.0pt
* \footskip=30.0pt
* \marginparwidth=50.58878pt
* \marginparsep=12.0pt
* \columnsep=10.0pt
* \skip\footins=10.0pt plus 4.0pt minus 2.0pt
* \hoffset=-7.22743pt
* \voffset=0.0pt
* \mag=1000
* \@twocolumnfalse
* \@twosidefalse
* \@mparswitchfalse
* \@reversemargintrue
* (1in=72.27pt=25.4mm, 1cm=28.453pt)

\AtBeginShipoutBox=\box57
Package hyperref Info: Link coloring ON on input line 118.

("C:\Users\tcapu\AppData\Local\Programs\MiKTeX 2.9\tex/latex/hyperref\nameref.s
ty"
Package: nameref 2019/09/16 v2.46 Cross-referencing by name of section

("C:\Users\tcapu\AppData\Local\Programs\MiKTeX 2.9\tex/latex/refcount\refcount.
sty"
Package: refcount 2019/12/15 v3.6 Data extraction from label references (HO)
)
("C:\Users\tcapu\AppData\Local\Programs\MiKTeX 2.9\tex/generic/gettitlestring\g
ettitlestring.sty"
Package: gettitlestring 2019/12/15 v1.6 Cleanup title references (HO)
)
\c@section@level=\count279
)
LaTeX Info: Redefining \ref on input line 118.
LaTeX Info: Redefining \pageref on input line 118.
LaTeX Info: Redefining \nameref on input line 118.
 (TheodoreCaputiShortCV.out) (TheodoreCaputiShortCV.out)
\@outlinefile=\write3
\openout3 = `TheodoreCaputiShortCV.out'.


Underfull \hbox (badness 10000) in paragraph at lines 120--135

 []

TheodoreCaputiShortCV.tex:136: Missing number, treated as zero.
<to be read again> 
                   }
l.136 \noindent{\tabcolsep}
                           \begin{minipage}{0.6\linewidth}
A number should have been here; I inserted `0'.
(If you can't figure out why I needed to see a number,
look up `weird error' in the index to The TeXbook.)

TheodoreCaputiShortCV.tex:136: Illegal unit of measure (pt inserted).
<to be read again> 
                   }
l.136 \noindent{\tabcolsep}
                           \begin{minipage}{0.6\linewidth}
Dimensions can be in units of em, ex, in, pt, pc,
cm, mm, dd, cc, bp, or sp; but yours is a new one!
I'll assume that you meant to say pt, for printer's points.
To recover gracefully from this error, it's best to
delete the erroneous units; e.g., type `2' to delete
two letters. (See Chapter 27 of The TeXbook.)

LaTeX Font Info:    External font `cmex10' loaded for size
(Font)              <12> on input line 146.
LaTeX Font Info:    Font shape `TU/DejaVuSansMono.ttf(0)/m/n' will be
(Font)              scaled to size 10.79993pt on input line 149.

Overfull \hbox (1.99998pt too wide) in paragraph at lines 136--185
$[]$ $[]$ 
 []


Underfull \hbox (badness 10000) in paragraph at lines 136--185

 []

LaTeX Font Info:    Trying to load font information for TU+academicons on input
 line 202.

("C:\Users\tcapu\AppData\Local\Programs\MiKTeX 2.9\tex/latex/academicons\tuacad
emicons.fd")
Package marginnote Info: Margin note 1.1 is on absolute page 1 on input line 20
8.
Package marginnote Info: right page because not two side mode on input line 208
.
Package marginnote Info: xpos seems to be 86.72375pt on input line 208.
Package marginnote Info: Margin note 1.2 is on absolute page 1 on input line 20
9.
Package marginnote Info: right page because not two side mode on input line 209
.
Package marginnote Info: xpos seems to be 86.72375pt on input line 209.
Package marginnote Info: Margin note 1.3 is on absolute page 1 on input line 21
0.
Package marginnote Info: right page because not two side mode on input line 210
.
Package marginnote Info: xpos seems to be 86.72375pt on input line 210.
Package marginnote Info: Margin note 1.4 is on absolute page 1 on input line 21
5.
Package marginnote Info: right page because not two side mode on input line 215
.
Package marginnote Info: xpos seems to be 86.72375pt on input line 215.
Package marginnote Info: Margin note 1.5 is on absolute page 1 on input line 21
6.
Package marginnote Info: right page because not two side mode on input line 216
.
Package marginnote Info: xpos seems to be 86.72375pt on input line 216.
Package marginnote Info: Margin note 1.6 is on absolute page 1 on input line 24
7.
Package marginnote Info: right page because not two side mode on input line 247
.
Package marginnote Info: xpos seems to be 86.72375pt on input line 247.
Package marginnote Info: Margin note 1.7 is on absolute page 1 on input line 24
8.
Package marginnote Info: right page because not two side mode on input line 248
.
Package marginnote Info: xpos seems to be 86.72375pt on input line 248.
Package marginnote Info: Margin note 1.8 is on absolute page 1 on input line 24
9.
Package marginnote Info: right page because not two side mode on input line 249
.
Package marginnote Info: xpos seems to be 86.72375pt on input line 249.
Package marginnote Info: Margin note 1.9 is on absolute page 1 on input line 25
1.
Package marginnote Info: right page because not two side mode on input line 251
.
Package marginnote Info: xpos seems to be 86.72375pt on input line 251.
Package marginnote Info: Margin note 1.10 is on absolute page 1 on input line 2
52.
Package marginnote Info: right page because not two side mode on input line 252
.
Package marginnote Info: xpos seems to be 86.72375pt on input line 252.
Package marginnote Info: Margin note 1.11 is on absolute page 1 on input line 2
53.
Package marginnote Info: right page because not two side mode on input line 253
.
Package marginnote Info: xpos seems to be 86.72375pt on input line 253.
Package marginnote Info: Margin note 1.12 is on absolute page 1 on input line 2
54.
Package marginnote Info: right page because not two side mode on input line 254
.
Package marginnote Info: xpos seems to be 86.72375pt on input line 254.
Package marginnote Info: Margin note 1.13 is on absolute page 1 on input line 2
55.
Package marginnote Info: right page because not two side mode on input line 255
.
Package marginnote Info: xpos seems to be 86.72375pt on input line 255.

Underfull \hbox (badness 10000) in paragraph at lines 246--261

 []

Package marginnote Info: Margin note 1.14 is on absolute page 1 on input line 2
65.
Package marginnote Info: right page because not two side mode on input line 265
.
Package marginnote Info: xpos seems to be 86.72375pt on input line 265.
Package marginnote Info: Margin note 1.15 is on absolute page 1 on input line 2
66.
Package marginnote Info: right page because not two side mode on input line 266
.
Package marginnote Info: xpos seems to be 86.72375pt on input line 266.
Package marginnote Info: Margin note 1.16 is on absolute page 1 on input line 2
67.
Package marginnote Info: right page because not two side mode on input line 267
.
Package marginnote Info: xpos seems to be 86.72375pt on input line 267.
Package marginnote Info: Margin note 1.17 is on absolute page 1 on input line 2
69.
Package marginnote Info: right page because not two side mode on input line 269
.
Package marginnote Info: xpos seems to be 86.72375pt on input line 269.
Package marginnote Info: Margin note 1.18 is on absolute page 1 on input line 2
70.
Package marginnote Info: right page because not two side mode on input line 270
.
Package marginnote Info: xpos seems to be 86.72375pt on input line 270.
Package marginnote Info: Margin note 1.19 is on absolute page 1 on input line 2
71.
Package marginnote Info: right page because not two side mode on input line 271
.
Package marginnote Info: xpos seems to be 86.72375pt on input line 271.
Package marginnote Info: Margin note 1.20 is on absolute page 1 on input line 2
72.
Package marginnote Info: right page because not two side mode on input line 272
.
Package marginnote Info: xpos seems to be 86.72375pt on input line 272.
Package marginnote Info: Margin note 1.21 is on absolute page 1 on input line 2
73.
Package marginnote Info: right page because not two side mode on input line 273
.
Package marginnote Info: xpos seems to be 86.72375pt on input line 273.
Package marginnote Info: Margin note 1.22 is on absolute page 1 on input line 2
74.
Package marginnote Info: right page because not two side mode on input line 274
.
Package marginnote Info: xpos seems to be 86.72375pt on input line 274.

Underfull \hbox (badness 10000) in paragraph at lines 263--283

 []


Package fontspec Info: Font family 'LinLibertine_R.otf(1)' created for font
(fontspec)             'LinLibertine_R.otf' with options
(fontspec)             [Mapping=tex-text,Ligatures=TeX,Ligatures={Common},Numbe
rs={OldStyle},Variant=01,BoldFont=LinLibertine_RB.otf,ItalicFont=LinLibertine_R
I.otf,BoldItalicFont=LinLibertine_RBI.otf,VerticalPosition=Superior].
(fontspec)              
(fontspec)              This font family consists of the following NFSS
(fontspec)             series/shapes:
(fontspec)              
(fontspec)             - 'normal' (m/n) with NFSS spec.:
(fontspec)             <->"[LinLibertine_R.otf]/OT:script=latn;language=dflt;+l
iga;+onum;+ss01;+sups;mapping=tex-text;"
(fontspec)             - 'small caps'  (m/sc) with NFSS spec.:
(fontspec)             <->"[LinLibertine_R.otf]/OT:script=latn;language=dflt;+l
iga;+onum;+ss01;+sups;+smcp;mapping=tex-text;"
(fontspec)             - 'bold' (b/n) with NFSS spec.:
(fontspec)             <->"[LinLibertine_RB.otf]/OT:script=latn;language=dflt;+
liga;+onum;+ss01;+sups;mapping=tex-text;"
(fontspec)             - 'bold small caps'  (b/sc) with NFSS spec.:
(fontspec)             <->"[LinLibertine_RB.otf]/OT:script=latn;language=dflt;+
liga;+onum;+ss01;+sups;+smcp;mapping=tex-text;"
(fontspec)             - 'italic' (m/it) with NFSS spec.:
(fontspec)             <->"[LinLibertine_RI.otf]/OT:script=latn;language=dflt;+
liga;+onum;+ss01;+sups;mapping=tex-text;"
(fontspec)             - 'italic small caps'  (m/scit) with NFSS spec.:
(fontspec)             <->"[LinLibertine_RI.otf]/OT:script=latn;language=dflt;+
liga;+onum;+ss01;+sups;+smcp;mapping=tex-text;"
(fontspec)             - 'bold italic' (b/it) with NFSS spec.:
(fontspec)             <->"[LinLibertine_RBI.otf]/OT:script=latn;language=dflt;
+liga;+onum;+ss01;+sups;mapping=tex-text;"
(fontspec)             - 'bold italic small caps'  (b/scit) with NFSS spec.:
(fontspec)             <->"[LinLibertine_RBI.otf]/OT:script=latn;language=dflt;
+liga;+onum;+ss01;+sups;+smcp;mapping=tex-text;"

Package marginnote Info: Margin note 1.23 is on absolute page 2 on input line 2
90.
Package marginnote Info: right page because not two side mode on input line 290
.
Package marginnote Info: xpos seems to be 86.72375pt on input line 290.
Package marginnote Info: Margin note 1.24 is on absolute page 2 on input line 2
91.
Package marginnote Info: right page because not two side mode on input line 291
.
Package marginnote Info: xpos seems to be 86.72375pt on input line 291.
Package marginnote Info: Margin note 1.25 is on absolute page 2 on input line 2
92.
Package marginnote Info: right page because not two side mode on input line 292
.
Package marginnote Info: xpos seems to be 86.72375pt on input line 292.
Package marginnote Info: Margin note 1.26 is on absolute page 2 on input line 2
93.
Package marginnote Info: right page because not two side mode on input line 293
.
Package marginnote Info: xpos seems to be 86.72375pt on input line 293.
Package marginnote Info: Margin note 1.27 is on absolute page 2 on input line 2
94.
Package marginnote Info: right page because not two side mode on input line 294
.
Package marginnote Info: xpos seems to be 86.72375pt on input line 294.

Package enumitem Warning: Negative labelwidth. This does not make much
(enumitem)                sense, on input line 297.

[1

]
Package marginnote Info: Margin note 2.1 is on absolute page 2 on input line 29
9.
Package marginnote Info: right page because not two side mode on input line 299
.
Package marginnote Info: xpos seems to be 86.72375pt on input line 299.
Package marginnote Info: Margin note 2.2 is on absolute page 2 on input line 30
1.
Package marginnote Info: right page because not two side mode on input line 301
.
Package marginnote Info: xpos seems to be 86.72375pt on input line 301.
Package marginnote Info: Margin note 2.3 is on absolute page 2 on input line 30
5.
Package marginnote Info: right page because not two side mode on input line 305
.
Package marginnote Info: xpos seems to be 86.72375pt on input line 305.
Package marginnote Info: Margin note 2.4 is on absolute page 2 on input line 30
8.
Package marginnote Info: right page because not two side mode on input line 308
.
Package marginnote Info: xpos seems to be 86.72375pt on input line 308.
Package marginnote Info: Margin note 2.5 is on absolute page 2 on input line 31
0.
Package marginnote Info: right page because not two side mode on input line 310
.
Package marginnote Info: xpos seems to be 86.72375pt on input line 310.
Package marginnote Info: Margin note 2.6 is on absolute page 2 on input line 31
1.
Package marginnote Info: right page because not two side mode on input line 311
.
Package marginnote Info: xpos seems to be 86.72375pt on input line 311.


Package enumitem Warning: Negative labelwidth. This does not make much
(enumitem)                sense, on input line 313.

Package marginnote Info: Margin note 2.7 is on absolute page 3 on input line 31
5.
Package marginnote Info: right page because not two side mode on input line 315
.
Package marginnote Info: xpos seems to be 86.72375pt on input line 315.
[2]
Package marginnote Info: Margin note 3.1 is on absolute page 3 on input line 31
6.
Package marginnote Info: right page because not two side mode on input line 316
.
Package marginnote Info: xpos seems to be 86.72375pt on input line 316.
Package marginnote Info: Margin note 3.2 is on absolute page 3 on input line 31
7.
Package marginnote Info: right page because not two side mode on input line 317
.
Package marginnote Info: xpos seems to be 86.72375pt on input line 317.

Underfull \hbox (badness 10000) in paragraph at lines 315--318

 []

Package marginnote Info: Margin note 3.3 is on absolute page 3 on input line 32
1.
Package marginnote Info: right page because not two side mode on input line 321
.
Package marginnote Info: xpos seems to be 86.72375pt on input line 321.
Package marginnote Info: Margin note 3.4 is on absolute page 3 on input line 32
2.
Package marginnote Info: right page because not two side mode on input line 322
.
Package marginnote Info: xpos seems to be 86.72375pt on input line 322.
Package marginnote Info: Margin note 3.5 is on absolute page 3 on input line 32
3.
Package marginnote Info: right page because not two side mode on input line 323
.
Package marginnote Info: xpos seems to be 86.72375pt on input line 323.
Package marginnote Info: Margin note 3.6 is on absolute page 3 on input line 32
4.
Package marginnote Info: right page because not two side mode on input line 324
.
Package marginnote Info: xpos seems to be 86.72375pt on input line 324.
Package marginnote Info: Margin note 3.7 is on absolute page 3 on input line 32
5.
Package marginnote Info: right page because not two side mode on input line 325
.
Package marginnote Info: xpos seems to be 86.72375pt on input line 325.
Package marginnote Info: Margin note 3.8 is on absolute page 3 on input line 32
6.
Package marginnote Info: right page because not two side mode on input line 326
.
Package marginnote Info: xpos seems to be 86.72375pt on input line 326.

Underfull \hbox (badness 10000) in paragraph at lines 320--327

 []

Package marginnote Info: Margin note 3.9 is on absolute page 3 on input line 33
1.
Package marginnote Info: right page because not two side mode on input line 331
.
Package marginnote Info: xpos seems to be 86.72375pt on input line 331.
Package marginnote Info: Margin note 3.10 is on absolute page 3 on input line 3
32.
Package marginnote Info: right page because not two side mode on input line 332
.
Package marginnote Info: xpos seems to be 86.72375pt on input line 332.
Package marginnote Info: Margin note 3.11 is on absolute page 3 on input line 3
33.
Package marginnote Info: right page because not two side mode on input line 333
.
Package marginnote Info: xpos seems to be 86.72375pt on input line 333.
Package marginnote Info: Margin note 3.12 is on absolute page 4 on input line 3
34.
Package marginnote Info: right page because not two side mode on input line 334
.
Package marginnote Info: xpos seems to be 86.72375pt on input line 334.
Package marginnote Info: Margin note 3.13 is on absolute page 4 on input line 3
35.
Package marginnote Info: right page because not two side mode on input line 335
.
Package marginnote Info: xpos seems to be 86.72375pt on input line 335.
Package marginnote Info: Margin note 3.14 is on absolute page 4 on input line 3
37.
Package marginnote Info: right page because not two side mode on input line 337
.
Package marginnote Info: xpos seems to be 86.72375pt on input line 337.
Package marginnote Info: Margin note 3.15 is on absolute page 4 on input line 3
39.
Package marginnote Info: right page because not two side mode on input line 339
.
Package marginnote Info: xpos seems to be 86.72375pt on input line 339.
Package marginnote Info: Margin note 3.16 is on absolute page 4 on input line 3
40.
Package marginnote Info: right page because not two side mode on input line 340
.
Package marginnote Info: xpos seems to be 86.72375pt on input line 340.
Package marginnote Info: Margin note 3.17 is on absolute page 4 on input line 3
43.
Package marginnote Info: right page because not two side mode on input line 343
.
Package marginnote Info: xpos seems to be 86.72375pt on input line 343.
Package marginnote Info: Margin note 3.18 is on absolute page 4 on input line 3
44.
Package marginnote Info: right page because not two side mode on input line 344
.
Package marginnote Info: xpos seems to be 86.72375pt on input line 344.
Package marginnote Info: Margin note 3.19 is on absolute page 4 on input line 3
45.
Package marginnote Info: right page because not two side mode on input line 345
.
Package marginnote Info: xpos seems to be 86.72375pt on input line 345.

Underfull \hbox (badness 10000) in paragraph at lines 331--346

 []

[3]
Package marginnote Info: Margin note 4.1 is on absolute page 4 on input line 35
0.
Package marginnote Info: right page because not two side mode on input line 350
.
Package marginnote Info: xpos seems to be 86.72375pt on input line 350.
Package marginnote Info: Margin note 4.2 is on absolute page 4 on input line 35
1.
Package marginnote Info: right page because not two side mode on input line 351
.
Package marginnote Info: xpos seems to be 86.72375pt on input line 351.
Package marginnote Info: Margin note 4.3 is on absolute page 4 on input line 35
3.
Package marginnote Info: right page because not two side mode on input line 353
.
Package marginnote Info: xpos seems to be 86.72375pt on input line 353.
Package marginnote Info: Margin note 4.4 is on absolute page 4 on input line 35
5.
Package marginnote Info: right page because not two side mode on input line 355
.
Package marginnote Info: xpos seems to be 86.72375pt on input line 355.
Package marginnote Info: Margin note 4.5 is on absolute page 4 on input line 35
8.
Package marginnote Info: right page because not two side mode on input line 358
.
Package marginnote Info: xpos seems to be 86.72375pt on input line 358.
Package marginnote Info: Margin note 4.6 is on absolute page 4 on input line 35
9.
Package marginnote Info: right page because not two side mode on input line 359
.
Package marginnote Info: xpos seems to be 86.72375pt on input line 359.

Underfull \hbox (badness 10000) in paragraph at lines 349--360

 []

[4]
Overfull \hbox (11.3423pt too wide) in paragraph at lines 363--375
\TU/LinLibertine_R.otf(0)/m/n/12 stance use treatment on Internet search engine
s: Alcohol, cannabis, cocaine, methamphetamine
 []


Underfull \hbox (badness 10000) in paragraph at lines 363--375

 []

Package marginnote Info: Margin note 5.1 is on absolute page 5 on input line 39
1.
Package marginnote Info: right page because not two side mode on input line 391
.
Package marginnote Info: xpos seems to be 86.72375pt on input line 391.
Package marginnote Info: Margin note 5.2 is on absolute page 5 on input line 39
2.
Package marginnote Info: right page because not two side mode on input line 392
.
Package marginnote Info: xpos seems to be 86.72375pt on input line 392.
Package marginnote Info: Margin note 5.3 is on absolute page 5 on input line 39
3.
Package marginnote Info: right page because not two side mode on input line 393
.
Package marginnote Info: xpos seems to be 86.72375pt on input line 393.

Package enumitem Warning: Negative labelwidth. This does not make much
(enumitem)                sense, on input line 395.

Package marginnote Info: Margin note 5.4 is on absolute page 5 on input line 39
7.
Package marginnote Info: right page because not two side mode on input line 397
.
Package marginnote Info: xpos seems to be 86.72375pt on input line 397.
Package marginnote Info: Margin note 5.5 is on absolute page 5 on input line 39
8.
Package marginnote Info: right page because not two side mode on input line 398
.
Package marginnote Info: xpos seems to be 86.72375pt on input line 398.
Package marginnote Info: Margin note 5.6 is on absolute page 5 on input line 39
9.
Package marginnote Info: right page because not two side mode on input line 399
.
Package marginnote Info: xpos seems to be 86.72375pt on input line 399.
Package marginnote Info: Margin note 5.7 is on absolute page 5 on input line 40
0.
Package marginnote Info: right page because not two side mode on input line 400
.
Package marginnote Info: xpos seems to be 86.72375pt on input line 400.
Package marginnote Info: Margin note 5.8 is on absolute page 5 on input line 40
1.
Package marginnote Info: right page because not two side mode on input line 401
.
Package marginnote Info: xpos seems to be 86.72375pt on input line 401.
Package marginnote Info: Margin note 5.9 is on absolute page 6 on input line 40
2.
Package marginnote Info: right page because not two side mode on input line 402
.
Package marginnote Info: xpos seems to be 86.72375pt on input line 402.
Package marginnote Info: Margin note 5.10 is on absolute page 6 on input line 4
03.
Package marginnote Info: right page because not two side mode on input line 403
.
Package marginnote Info: xpos seems to be 86.72375pt on input line 403.
Package marginnote Info: Margin note 5.11 is on absolute page 6 on input line 4
04.
Package marginnote Info: right page because not two side mode on input line 404
.
Package marginnote Info: xpos seems to be 86.72375pt on input line 404.
Package marginnote Info: Margin note 5.12 is on absolute page 6 on input line 4
05.
Package marginnote Info: right page because not two side mode on input line 405
.
Package marginnote Info: xpos seems to be 86.72375pt on input line 405.
Package marginnote Info: Margin note 5.13 is on absolute page 6 on input line 4
06.
Package marginnote Info: right page because not two side mode on input line 406
.
Package marginnote Info: xpos seems to be 86.72375pt on input line 406.
Package marginnote Info: Margin note 5.14 is on absolute page 6 on input line 4
07.
Package marginnote Info: right page because not two side mode on input line 407
.
Package marginnote Info: xpos seems to be 86.72375pt on input line 407.
Package marginnote Info: Margin note 5.15 is on absolute page 6 on input line 4
08.
Package marginnote Info: right page because not two side mode on input line 408
.
Package marginnote Info: xpos seems to be 86.72375pt on input line 408.
Package marginnote Info: Margin note 5.16 is on absolute page 6 on input line 4
09.
Package marginnote Info: right page because not two side mode on input line 409
.
Package marginnote Info: xpos seems to be 86.72375pt on input line 409.
Package marginnote Info: Margin note 5.17 is on absolute page 6 on input line 4
10.
Package marginnote Info: right page because not two side mode on input line 410
.
Package marginnote Info: xpos seems to be 86.72375pt on input line 410.

Underfull \hbox (badness 10000) in paragraph at lines 397--411

 []

[5]
Package marginnote Info: Margin note 6.1 is on absolute page 6 on input line 43
5.
Package marginnote Info: right page because not two side mode on input line 435
.
Package marginnote Info: xpos seems to be 86.72375pt on input line 435.
Package marginnote Info: Margin note 6.2 is on absolute page 6 on input line 43
6.
Package marginnote Info: right page because not two side mode on input line 436
.
Package marginnote Info: xpos seems to be 86.72375pt on input line 436.
Package marginnote Info: Margin note 6.3 is on absolute page 6 on input line 43
7.
Package marginnote Info: right page because not two side mode on input line 437
.
Package marginnote Info: xpos seems to be 86.72375pt on input line 437.
Package marginnote Info: Margin note 6.4 is on absolute page 6 on input line 43
8.
Package marginnote Info: right page because not two side mode on input line 438
.
Package marginnote Info: xpos seems to be 86.72375pt on input line 438.
Package marginnote Info: Margin note 6.5 is on absolute page 6 on input line 43
9.
Package marginnote Info: right page because not two side mode on input line 439
.
Package marginnote Info: xpos seems to be 86.72375pt on input line 439.

Underfull \hbox (badness 10000) in paragraph at lines 435--440

 []


Underfull \hbox (badness 10000) in paragraph at lines 444--446

 []

Package marginnote Info: Margin note 6.6 is on absolute page 6 on input line 49
6.
Package marginnote Info: right page because not two side mode on input line 496
.
Package marginnote Info: xpos seems to be 86.72375pt on input line 496.
Package marginnote Info: Margin note 6.7 is on absolute page 6 on input line 49
7.
Package marginnote Info: right page because not two side mode on input line 497
.
Package marginnote Info: xpos seems to be 86.72375pt on input line 497.
Package marginnote Info: Margin note 6.8 is on absolute page 6 on input line 50
4.
Package marginnote Info: right page because not two side mode on input line 504
.
Package marginnote Info: xpos seems to be 86.72375pt on input line 504.
Package marginnote Info: Margin note 6.9 is on absolute page 6 on input line 50
5.
Package marginnote Info: right page because not two side mode on input line 505
.
Package marginnote Info: xpos seems to be 86.72375pt on input line 505.
Package marginnote Info: Margin note 6.10 is on absolute page 6 on input line 5
06.
Package marginnote Info: right page because not two side mode on input line 506
.
Package marginnote Info: xpos seems to be 86.72375pt on input line 506.
Package marginnote Info: Margin note 6.11 is on absolute page 6 on input line 5
07.
Package marginnote Info: right page because not two side mode on input line 507
.
Package marginnote Info: xpos seems to be 86.72375pt on input line 507.
Package marginnote Info: Margin note 6.12 is on absolute page 6 on input line 5
08.
Package marginnote Info: right page because not two side mode on input line 508
.
Package marginnote Info: xpos seems to be 86.72375pt on input line 508.

Underfull \hbox (badness 10000) in paragraph at lines 496--509

 []


Overfull \hbox (8.50496pt too wide) in paragraph at lines 511--512
\TU/LinLibertine_R.otf(0)/b/n/12 Ad Hoc Reviewer\TU/LinLibertine_R.otf(0)/m/n/1
2 : Addiction; Addictive Behaviors; American Journal of Preventive Medicine;
 []

[6]
TheodoreCaputiShortCV.tex:598: Extra }, or forgotten \endgroup.
l.598 }
       
I've deleted a group-closing symbol because it seems to be
spurious, as in `$x}$'. But perhaps the } is legitimate and
you forgot something else, as in `\hbox{$x}'. In such cases
the way to recover is to insert both the forgotten and the
deleted material, e.g., by typing `I$}'.

Package atveryend Info: Empty hook `BeforeClearDocument' on input line 604.
[7]
Package atveryend Info: Empty hook `AfterLastShipout' on input line 604.
 (TheodoreCaputiShortCV.aux)
Package atveryend Info: Empty hook `AtVeryEndDocument' on input line 604.
Package atveryend Info: Executing hook `AtEndAfterFileList' on input line 604.
Package rerunfilecheck Info: File `TheodoreCaputiShortCV.out' has not changed.
(rerunfilecheck)             Checksum: D41D8CD98F00B204E9800998ECF8427E;0.
Package atveryend Info: Empty hook `AtVeryVeryEnd' on input line 604.
 ) 
Here is how much of TeX's memory you used:
 15932 strings out of 414218
 288167 string characters out of 2898280
 601850 words of memory out of 3000000
 33262 multiletter control sequences out of 15000+200000
 537843 words of font info for 76 fonts, out of 3000000 for 9000
 1348 hyphenation exceptions out of 8191
 61i,9n,107p,583b,464s stack positions out of 5000i,500n,10000p,200000b,50000s

Output written on TheodoreCaputiShortCV.xdv (7 pages, 165080 bytes).
